2024-08-27 16:15:53.844274  [INFO] Commencing yak shaving
2024-08-27 16:15:53.844275  [INFO] Commencing yak shaving
2024-08-27 16:15:53.844276  [INFO] Commencing yak shaving
2024-08-27 16:15:53.844277  [INFO] Commencing yak shaving
2024-08-27 16:15:53.844278  [INFO] Commencing yak shaving
2024-08-27 16:15:53.844279  [INFO] Commencing yak shaving
2024-08-27 16:15:53.844279  [INFO] Commencing yak shaving
2024-08-27 16:15:53.84428   [INFO] Commencing yak shaving
2024-08-27 16:15:53.844281  [INFO] Commencing yak shaving
2024-08-27 16:15:53.844281  [INFO] Commencing yak shaving
2024-08-27 16:15:53.844282  [INFO] Commencing yak shaving
2024-08-27 16:15:53.844283  [INFO] Commencing yak shaving
2024-08-27 16:15:53.844284  [INFO] Commencing yak shaving
2024-08-27 16:15:53.844284  [INFO] Commencing yak shaving
2024-08-27 16:15:53.844285  [INFO] Commencing yak shaving
2024-08-27 16:15:53.844286  [INFO] Commencing yak shaving
2024-08-27 16:15:53.844286  [INFO] Commencing yak shaving
2024-08-27 16:15:53.844287  [INFO] Commencing yak shaving
2024-08-27 16:15:53.844288  [INFO] Commencing yak shaving
2024-08-27 16:15:53.844289  [INFO] Commencing yak shaving
2024-08-27 16:15:53.845858  [INFO] Commencing yak shaving
2024-08-27 16:15:53.845859  [INFO] Commencing yak shaving
2024-08-27 16:15:53.84586   [INFO] Commencing yak shaving
2024-08-27 16:15:53.84586   [INFO] Commencing yak shaving
2024-08-27 16:15:53.845861  [INFO] Commencing yak shaving
2024-08-27 16:15:53.845862  [INFO] Commencing yak shaving
2024-08-27 16:15:53.845862  [INFO] Commencing yak shaving
2024-08-27 16:15:53.845863  [INFO] Commencing yak shaving
2024-08-27 16:15:53.845864  [INFO] Commencing yak shaving
2024-08-27 16:15:53.845865  [INFO] Commencing yak shaving
2024-08-27 16:15:53.85589   [INFO] Commencing yak shaving
2024-08-27 16:15:53.855892  [INFO] Commencing yak shaving
2024-08-27 16:15:53.855892  [INFO] Commencing yak shaving
2024-08-27 16:15:53.855893  [INFO] Commencing yak shaving
2024-08-27 16:15:53.855894  [INFO] Commencing yak shaving
2024-08-27 16:15:53.855895  [INFO] Commencing yak shaving
2024-08-27 16:15:53.855895  [INFO] Commencing yak shaving
2024-08-27 16:15:53.855896  [INFO] Commencing yak shaving
2024-08-27 16:15:53.855897  [INFO] Commencing yak shaving
2024-08-27 16:15:53.855897  [INFO] Commencing yak shaving
2024-08-27 16:15:53.855983  [INFO] Commencing yak shaving
2024-08-27 16:15:53.855984  [INFO] Commencing yak shaving
2024-08-27 16:15:53.855985  [INFO] Commencing yak shaving
2024-08-27 16:15:53.855986  [INFO] Commencing yak shaving
2024-08-27 16:15:53.855987  [INFO] Commencing yak shaving
2024-08-27 16:15:53.855987  [INFO] Commencing yak shaving
2024-08-27 16:15:53.855988  [INFO] Commencing yak shaving
2024-08-27 16:15:53.855989  [INFO] Commencing yak shaving
2024-08-27 16:15:53.85599   [INFO] Commencing yak shaving
2024-08-27 16:15:53.855991  [INFO] Commencing yak shaving
2024-08-27 16:15:53.855991  [INFO] Commencing yak shaving
2024-08-27 16:15:53.855992  [INFO] Commencing yak shaving
2024-08-27 16:15:53.855993  [INFO] Commencing yak shaving
2024-08-27 16:15:53.855994  [INFO] Commencing yak shaving
2024-08-27 16:15:53.856023  [INFO] Commencing yak shaving
2024-08-27 16:15:53.856023  [INFO] Commencing yak shaving
2024-08-27 16:15:53.856024  [INFO] Commencing yak shaving
2024-08-27 16:15:53.856025  [INFO] Commencing yak shaving
2024-08-27 16:15:53.856025  [INFO] Commencing yak shaving
2024-08-27 16:15:53.856026  [INFO] Commencing yak shaving
2024-08-27 16:15:53.856027  [INFO] Commencing yak shaving
2024-08-27 16:15:53.856028  [INFO] Commencing yak shaving
2024-08-27 16:15:53.856028  [INFO] Commencing yak shaving
2024-08-27 16:15:53.856029  [INFO] Commencing yak shaving
2024-08-27 16:15:53.85603   [INFO] Commencing yak shaving
2024-08-27 16:15:53.856031  [INFO] Commencing yak shaving
2024-08-27 16:15:53.856032  [INFO] Commencing yak shaving
2024-08-27 16:15:53.856033  [INFO] Commencing yak shaving
2024-08-27 16:15:53.856033  [INFO] Commencing yak shaving
2024-08-27 16:15:53.856034  [INFO] Commencing yak shaving
2024-08-27 16:15:53.856035  [INFO] Commencing yak shaving
2024-08-27 16:15:53.856036  [INFO] Commencing yak shaving
2024-08-27 16:15:53.856037  [INFO] Commencing yak shaving
2024-08-27 16:15:53.856037  [INFO] Commencing yak shaving
2024-08-27 16:15:53.856038  [INFO] Commencing yak shaving
2024-08-27 16:15:53.856039  [INFO] Commencing yak shaving
2024-08-27 16:15:53.856039  [INFO] Commencing yak shaving
2024-08-27 16:15:53.85604   [INFO] Commencing yak shaving
2024-08-27 16:15:53.856041  [INFO] Commencing yak shaving
2024-08-27 16:15:53.856042  [INFO] Commencing yak shaving
2024-08-27 16:15:53.856042  [INFO] Commencing yak shaving
2024-08-27 16:15:53.856043  [INFO] Commencing yak shaving
2024-08-27 16:15:53.856044  [INFO] Commencing yak shaving
2024-08-27 16:15:53.856045  [INFO] Commencing yak shaving
2024-08-27 16:15:53.856078  [INFO] Commencing yak shaving
2024-08-27 16:15:53.856079  [INFO] Commencing yak shaving
2024-08-27 16:15:53.85608   [INFO] Commencing yak shaving
2024-08-27 16:15:53.856081  [INFO] Commencing yak shaving
2024-08-27 16:15:53.856081  [INFO] Commencing yak shaving
2024-08-27 16:15:53.856082  [INFO] Commencing yak shaving
2024-08-27 16:15:53.856083  [INFO] Commencing yak shaving
2024-08-27 16:15:53.856083  [INFO] Commencing yak shaving
2024-08-27 16:15:53.856084  [INFO] Commencing yak shaving
2024-08-27 16:15:53.856085  [INFO] Commencing yak shaving
2024-08-27 16:15:53.856096  [INFO] Commencing yak shaving
2024-08-27 16:15:53.856097  [INFO] Commencing yak shaving
2024-08-27 16:15:53.856098  [INFO] Commencing yak shaving
2024-08-27 16:15:53.856099  [INFO] Commencing yak shaving
2024-08-27 16:15:53.856099  [INFO] Commencing yak shaving
2024-08-27 16:15:53.8561    [INFO] Commencing yak shaving
2024-08-27 16:15:53.856101  [INFO] Commencing yak shaving
2024-08-27 16:15:53.856101  [INFO] Commencing yak shaving
2024-08-27 16:15:53.856102  [INFO] Commencing yak shaving
2024-08-27 16:15:53.856103  [INFO] Commencing yak shaving
2024-08-27 16:15:53.856103  [INFO] Commencing yak shaving
2024-08-27 16:15:53.856119  [INFO] Commencing yak shaving
2024-08-27 16:15:53.85612   [INFO] Commencing yak shaving
2024-08-27 16:15:53.856121  [INFO] Commencing yak shaving
2024-08-27 16:15:53.856121  [INFO] Commencing yak shaving
2024-08-27 16:15:53.856122  [INFO] Commencing yak shaving
2024-08-27 16:15:53.856123  [INFO] Commencing yak shaving
2024-08-27 16:15:53.856123  [INFO] Commencing yak shaving
2024-08-27 16:15:53.856124  [INFO] Commencing yak shaving
2024-08-27 16:15:53.856125  [INFO] Commencing yak shaving
2024-08-27 16:15:53.856125  [INFO] Commencing yak shaving
2024-08-27 16:15:53.856139  [INFO] Commencing yak shaving
2024-08-27 16:15:53.85614   [INFO] Commencing yak shaving
2024-08-27 16:15:53.85614   [INFO] Commencing yak shaving
2024-08-27 16:15:53.856141  [INFO] Commencing yak shaving
2024-08-27 16:15:53.856142  [INFO] Commencing yak shaving
2024-08-27 16:15:53.856143  [INFO] Commencing yak shaving
2024-08-27 16:15:53.856143  [INFO] Commencing yak shaving
2024-08-27 16:15:53.856144  [INFO] Commencing yak shaving
2024-08-27 16:15:53.856145  [INFO] Commencing yak shaving
2024-08-27 16:15:53.856145  [INFO] Commencing yak shaving
2024-08-27 16:15:53.856146  [INFO] Commencing yak shaving
2024-08-27 16:15:53.856161  [INFO] Commencing yak shaving
2024-08-27 16:15:53.856162  [INFO] Commencing yak shaving
2024-08-27 16:15:53.856163  [INFO] Commencing yak shaving
2024-08-27 16:15:53.856163  [INFO] Commencing yak shaving
2024-08-27 16:15:53.856164  [INFO] Commencing yak shaving
2024-08-27 16:15:53.856165  [INFO] Commencing yak shaving
2024-08-27 16:15:53.856166  [INFO] Commencing yak shaving
2024-08-27 16:15:53.856166  [INFO] Commencing yak shaving
2024-08-27 16:15:53.856167  [INFO] Commencing yak shaving
2024-08-27 16:15:53.856168  [INFO] Commencing yak shaving
2024-08-27 16:15:53.856168  [INFO] Commencing yak shaving
2024-08-27 16:15:53.856184  [INFO] Commencing yak shaving
2024-08-27 16:15:53.856184  [INFO] Commencing yak shaving
2024-08-27 16:15:53.856185  [INFO] Commencing yak shaving
2024-08-27 16:15:53.856186  [INFO] Commencing yak shaving
2024-08-27 16:15:53.856187  [INFO] Commencing yak shaving
2024-08-27 16:15:53.856187  [INFO] Commencing yak shaving
2024-08-27 16:15:53.856188  [INFO] Commencing yak shaving
2024-08-27 16:15:53.856189  [INFO] Commencing yak shaving
2024-08-27 16:15:53.856189  [INFO] Commencing yak shaving
2024-08-27 16:15:53.85619   [INFO] Commencing yak shaving
2024-08-27 16:15:53.856191  [INFO] Commencing yak shaving
2024-08-27 16:15:53.856191  [INFO] Commencing yak shaving
2024-08-27 16:15:53.856192  [INFO] Commencing yak shaving
2024-08-27 16:15:53.856211  [INFO] Commencing yak shaving
2024-08-27 16:15:53.856212  [INFO] Commencing yak shaving
2024-08-27 16:15:53.856212  [INFO] Commencing yak shaving
2024-08-27 16:15:53.856213  [INFO] Commencing yak shaving
2024-08-27 16:15:53.856214  [INFO] Commencing yak shaving
2024-08-27 16:15:53.856214  [INFO] Commencing yak shaving
2024-08-27 16:15:53.856215  [INFO] Commencing yak shaving
2024-08-27 16:15:53.856216  [INFO] Commencing yak shaving
2024-08-27 16:15:53.856216  [INFO] Commencing yak shaving
2024-08-27 16:15:53.856217  [INFO] Commencing yak shaving
2024-08-27 16:15:53.856218  [INFO] Commencing yak shaving
2024-08-27 16:15:53.856243  [INFO] Commencing yak shaving
2024-08-27 16:15:53.856244  [INFO] Commencing yak shaving
2024-08-27 16:15:53.856244  [INFO] Commencing yak shaving
2024-08-27 16:15:53.856245  [INFO] Commencing yak shaving
2024-08-27 16:15:53.856246  [INFO] Commencing yak shaving
2024-08-27 16:15:53.856246  [INFO] Commencing yak shaving
2024-08-27 16:15:53.856247  [INFO] Commencing yak shaving
2024-08-27 16:15:53.856248  [INFO] Commencing yak shaving
2024-08-27 16:15:53.856249  [INFO] Commencing yak shaving
2024-08-27 16:15:53.856249  [INFO] Commencing yak shaving
2024-08-27 16:15:53.860835  [INFO] Commencing yak shaving
2024-08-27 16:15:53.860836  [INFO] Commencing yak shaving
2024-08-27 16:15:53.860837  [INFO] Commencing yak shaving
2024-08-27 16:15:53.860837  [INFO] Commencing yak shaving
2024-08-27 16:15:53.860838  [INFO] Commencing yak shaving
2024-08-27 16:15:53.860839  [INFO] Commencing yak shaving
2024-08-27 16:15:53.86084   [INFO] Commencing yak shaving
2024-08-27 16:15:53.860841  [INFO] Commencing yak shaving
2024-08-27 16:15:53.859494  [TRACE] -> runtime.spawn;
2024-08-27 16:15:53.860842  [INFO] Commencing yak shaving
2024-08-27 16:15:53.861496  [INFO] Commencing yak shaving
2024-08-27 16:15:53.861499  [INFO] Commencing yak shaving
2024-08-27 16:15:53.861501  [INFO] Commencing yak shaving
2024-08-27 16:15:53.861503  [INFO] Commencing yak shaving
2024-08-27 16:15:53.861506  [INFO] Commencing yak shaving
2024-08-27 16:15:53.861508  [INFO] Commencing yak shaving
2024-08-27 16:15:53.86151   [INFO] Commencing yak shaving
2024-08-27 16:15:53.861512  [INFO] Commencing yak shaving
2024-08-27 16:15:53.861515  [INFO] Commencing yak shaving
2024-08-27 16:15:53.861517  [INFO] Commencing yak shaving
2024-08-27 16:15:53.864842  [INFO] Commencing yak shaving
2024-08-27 16:15:53.864845  [INFO] Commencing yak shaving
2024-08-27 16:15:53.864847  [INFO] Commencing yak shaving
2024-08-27 16:15:53.86485   [INFO] Commencing yak shaving
2024-08-27 16:15:53.864863  [INFO] Commencing yak shaving
2024-08-27 16:15:53.864866  [INFO] Commencing yak shaving
2024-08-27 16:15:53.864868  [INFO] Commencing yak shaving
2024-08-27 16:15:53.86487   [INFO] Commencing yak shaving
2024-08-27 16:15:53.864873  [INFO] Commencing yak shaving
2024-08-27 16:15:53.864875  [INFO] Commencing yak shaving
2024-08-27 16:15:53.852313  [TRACE] -> runtime.spawn;
2024-08-27 16:15:53.852305  [TRACE] -> runtime.spawn;

1111
333
22222

3333
9999
fff